seed  53
Dataset:  dblp
The number of meta-paths:  3
Hyperparameter:  2.0 50
Using CUDA
Early stopping!
Loading 121th epoch
	[Classification] Macro-F1_mean: 0.9265 var: 0.0027  Micro-F1_mean: 0.9336 var: 0.0021 auc 0.9910
	[Classification] Macro-F1_mean: 0.9291 var: 0.0029  Micro-F1_mean: 0.9345 var: 0.0030 auc 0.9907
	[Classification] Macro-F1_mean: 0.9266 var: 0.0028  Micro-F1_mean: 0.9330 var: 0.0023 auc 0.9902
Total time:  1294 s
seed  53
Dataset:  dblp
The number of meta-paths:  3
Hyperparameter:  2.0 100
Using CUDA
Early stopping!
Loading 223th epoch
	[Classification] Macro-F1_mean: 0.9308 var: 0.0025  Micro-F1_mean: 0.9368 var: 0.0023 auc 0.9915
	[Classification] Macro-F1_mean: 0.9303 var: 0.0021  Micro-F1_mean: 0.9363 var: 0.0027 auc 0.9909
	[Classification] Macro-F1_mean: 0.9311 var: 0.0021  Micro-F1_mean: 0.9370 var: 0.0022 auc 0.9915
Total time:  2068 s
seed  53
Dataset:  dblp
The number of meta-paths:  3
Hyperparameter:  2.0 150
Using CUDA
Early stopping!
Loading 177th epoch
	[Classification] Macro-F1_mean: 0.9297 var: 0.0026  Micro-F1_mean: 0.9358 var: 0.0023 auc 0.9903
	[Classification] Macro-F1_mean: 0.9303 var: 0.0027  Micro-F1_mean: 0.9363 var: 0.0028 auc 0.9903
	[Classification] Macro-F1_mean: 0.9303 var: 0.0019  Micro-F1_mean: 0.9361 var: 0.0020 auc 0.9908
Total time:  1729 s
seed  53
Dataset:  dblp
The number of meta-paths:  3
Hyperparameter:  2.0 200
Using CUDA
Early stopping!
Loading 177th epoch
	[Classification] Macro-F1_mean: 0.9298 var: 0.0025  Micro-F1_mean: 0.9357 var: 0.0022 auc 0.9902
	[Classification] Macro-F1_mean: 0.9303 var: 0.0023  Micro-F1_mean: 0.9359 var: 0.0028 auc 0.9904
	[Classification] Macro-F1_mean: 0.9301 var: 0.0026  Micro-F1_mean: 0.9365 var: 0.0017 auc 0.9911
Total time:  1733 s
seed  53
Dataset:  dblp
The number of meta-paths:  3
Hyperparameter:  2.0 250
Using CUDA
Early stopping!
Loading 89th epoch
	[Classification] Macro-F1_mean: 0.9206 var: 0.0024  Micro-F1_mean: 0.9293 var: 0.0018 auc 0.9908
	[Classification] Macro-F1_mean: 0.9236 var: 0.0027  Micro-F1_mean: 0.9312 var: 0.0021 auc 0.9902
	[Classification] Macro-F1_mean: 0.9221 var: 0.0033  Micro-F1_mean: 0.9298 var: 0.0028 auc 0.9895
Total time:  1065 s
seed  53
Dataset:  dblp
The number of meta-paths:  3
Hyperparameter:  2.0 300
Using CUDA
Early stopping!
Loading 89th epoch
	[Classification] Macro-F1_mean: 0.9211 var: 0.0028  Micro-F1_mean: 0.9297 var: 0.0022 auc 0.9901
	[Classification] Macro-F1_mean: 0.9227 var: 0.0029  Micro-F1_mean: 0.9307 var: 0.0023 auc 0.9903
	[Classification] Macro-F1_mean: 0.9217 var: 0.0035  Micro-F1_mean: 0.9295 var: 0.0031 auc 0.9894
Total time:  1066 s
seed  53
Dataset:  dblp
The number of meta-paths:  3
Hyperparameter:  2.0 350
Using CUDA
Early stopping!
Loading 89th epoch
	[Classification] Macro-F1_mean: 0.9210 var: 0.0027  Micro-F1_mean: 0.9299 var: 0.0024 auc 0.9898
	[Classification] Macro-F1_mean: 0.9229 var: 0.0031  Micro-F1_mean: 0.9307 var: 0.0027 auc 0.9900
	[Classification] Macro-F1_mean: 0.9217 var: 0.0035  Micro-F1_mean: 0.9295 var: 0.0031 auc 0.9898
Total time:  1062 s
seed  53
Dataset:  dblp
The number of meta-paths:  3
Hyperparameter:  2.0 400
Using CUDA
Early stopping!
Loading 89th epoch
	[Classification] Macro-F1_mean: 0.9209 var: 0.0020  Micro-F1_mean: 0.9297 var: 0.0015 auc 0.9900
	[Classification] Macro-F1_mean: 0.9226 var: 0.0028  Micro-F1_mean: 0.9304 var: 0.0024 auc 0.9901
	[Classification] Macro-F1_mean: 0.9214 var: 0.0042  Micro-F1_mean: 0.9291 var: 0.0036 auc 0.9895
Total time:  1066 s
seed  53
Dataset:  dblp
The number of meta-paths:  3
Hyperparameter:  2.0 450
Using CUDA
Early stopping!
Loading 161th epoch
	[Classification] Macro-F1_mean: 0.9222 var: 0.0041  Micro-F1_mean: 0.9302 var: 0.0026 auc 0.9905
	[Classification] Macro-F1_mean: 0.9271 var: 0.0030  Micro-F1_mean: 0.9331 var: 0.0027 auc 0.9886
	[Classification] Macro-F1_mean: 0.9263 var: 0.0031  Micro-F1_mean: 0.9331 var: 0.0027 auc 0.9898
Total time:  1607 s
seed  53
Dataset:  dblp
The number of meta-paths:  3
Hyperparameter:  2.0 500
Using CUDA
Early stopping!
Loading 244th epoch
	[Classification] Macro-F1_mean: 0.9284 var: 0.0018  Micro-F1_mean: 0.9346 var: 0.0017 auc 0.9916
	[Classification] Macro-F1_mean: 0.9294 var: 0.0017  Micro-F1_mean: 0.9357 var: 0.0021 auc 0.9914
	[Classification] Macro-F1_mean: 0.9291 var: 0.0021  Micro-F1_mean: 0.9353 var: 0.0020 auc 0.9915
Total time:  2223 s
seed  53
Dataset:  dblp
The number of meta-paths:  3
Hyperparameter:  2.0 550
Using CUDA
Early stopping!
Loading 89th epoch
	[Classification] Macro-F1_mean: 0.9200 var: 0.0021  Micro-F1_mean: 0.9289 var: 0.0019 auc 0.9900
	[Classification] Macro-F1_mean: 0.9222 var: 0.0027  Micro-F1_mean: 0.9303 var: 0.0021 auc 0.9903
	[Classification] Macro-F1_mean: 0.9210 var: 0.0044  Micro-F1_mean: 0.9288 var: 0.0038 auc 0.9891
Total time:  1071 s
seed  53
Dataset:  dblp
The number of meta-paths:  3
Hyperparameter:  2.0 600
Using CUDA
Early stopping!
Loading 116th epoch
	[Classification] Macro-F1_mean: 0.9208 var: 0.0042  Micro-F1_mean: 0.9287 var: 0.0032 auc 0.9890
	[Classification] Macro-F1_mean: 0.9242 var: 0.0031  Micro-F1_mean: 0.9313 var: 0.0026 auc 0.9899
	[Classification] Macro-F1_mean: 0.9237 var: 0.0031  Micro-F1_mean: 0.9309 var: 0.0028 auc 0.9892
Total time:  1268 s
seed  53
Dataset:  dblp
The number of meta-paths:  3
Hyperparameter:  2.0 650
Using CUDA
Early stopping!
Loading 168th epoch
	[Classification] Macro-F1_mean: 0.9231 var: 0.0041  Micro-F1_mean: 0.9304 var: 0.0031 auc 0.9902
	[Classification] Macro-F1_mean: 0.9267 var: 0.0028  Micro-F1_mean: 0.9324 var: 0.0029 auc 0.9891
	[Classification] Macro-F1_mean: 0.9262 var: 0.0035  Micro-F1_mean: 0.9328 var: 0.0031 auc 0.9897
Total time:  1889 s
seed  53
Dataset:  dblp
The number of meta-paths:  3
Hyperparameter:  2.0 700
Using CUDA
Early stopping!
Loading 143th epoch
	[Classification] Macro-F1_mean: 0.9196 var: 0.0035  Micro-F1_mean: 0.9279 var: 0.0034 auc 0.9899
	[Classification] Macro-F1_mean: 0.9261 var: 0.0029  Micro-F1_mean: 0.9317 var: 0.0028 auc 0.9895
	[Classification] Macro-F1_mean: 0.9248 var: 0.0032  Micro-F1_mean: 0.9317 var: 0.0027 auc 0.9896
Total time:  1545 s
seed  53
Dataset:  dblp
The number of meta-paths:  3
Hyperparameter:  2.0 750
Using CUDA
Early stopping!
Loading 121th epoch
	[Classification] Macro-F1_mean: 0.9204 var: 0.0036  Micro-F1_mean: 0.9287 var: 0.0027 auc 0.9899
	[Classification] Macro-F1_mean: 0.9252 var: 0.0032  Micro-F1_mean: 0.9319 var: 0.0030 auc 0.9898
	[Classification] Macro-F1_mean: 0.9236 var: 0.0036  Micro-F1_mean: 0.9310 var: 0.0030 auc 0.9892
Total time:  1504 s
seed  53
Dataset:  dblp
The number of meta-paths:  3
Hyperparameter:  2.0 800
Using CUDA
Early stopping!
Loading 121th epoch
	[Classification] Macro-F1_mean: 0.9200 var: 0.0043  Micro-F1_mean: 0.9282 var: 0.0033 auc 0.9897
	[Classification] Macro-F1_mean: 0.9254 var: 0.0030  Micro-F1_mean: 0.9321 var: 0.0029 auc 0.9897
	[Classification] Macro-F1_mean: 0.9236 var: 0.0033  Micro-F1_mean: 0.9309 var: 0.0027 auc 0.9893
Total time:  1448 s
seed  53
Dataset:  dblp
The number of meta-paths:  3
Hyperparameter:  2.0 850
Using CUDA
Early stopping!
Loading 121th epoch
	[Classification] Macro-F1_mean: 0.9200 var: 0.0046  Micro-F1_mean: 0.9280 var: 0.0036 auc 0.9896
	[Classification] Macro-F1_mean: 0.9253 var: 0.0031  Micro-F1_mean: 0.9321 var: 0.0027 auc 0.9896
	[Classification] Macro-F1_mean: 0.9236 var: 0.0033  Micro-F1_mean: 0.9309 var: 0.0028 auc 0.9892
Total time:  1465 s
seed  53
Dataset:  dblp
The number of meta-paths:  3
Hyperparameter:  2.0 900
Using CUDA
Early stopping!
Loading 121th epoch
	[Classification] Macro-F1_mean: 0.9198 var: 0.0050  Micro-F1_mean: 0.9274 var: 0.0040 auc 0.9896
	[Classification] Macro-F1_mean: 0.9251 var: 0.0033  Micro-F1_mean: 0.9318 var: 0.0031 auc 0.9893
	[Classification] Macro-F1_mean: 0.9237 var: 0.0034  Micro-F1_mean: 0.9310 var: 0.0028 auc 0.9891
Total time:  1467 s
seed  53
Dataset:  dblp
The number of meta-paths:  3
Hyperparameter:  2.0 950
Using CUDA
Early stopping!
Loading 168th epoch
	[Classification] Macro-F1_mean: 0.9219 var: 0.0048  Micro-F1_mean: 0.9292 var: 0.0039 auc 0.9893
	[Classification] Macro-F1_mean: 0.9258 var: 0.0034  Micro-F1_mean: 0.9321 var: 0.0031 auc 0.9894
	[Classification] Macro-F1_mean: 0.9251 var: 0.0024  Micro-F1_mean: 0.9314 var: 0.0026 auc 0.9900
Total time:  1870 s
seed  53
Dataset:  dblp
The number of meta-paths:  3
Hyperparameter:  2.0 1000
Using CUDA
Early stopping!
Loading 113th epoch
	[Classification] Macro-F1_mean: 0.9197 var: 0.0051  Micro-F1_mean: 0.9273 var: 0.0036 auc 0.9890
	[Classification] Macro-F1_mean: 0.9251 var: 0.0030  Micro-F1_mean: 0.9318 var: 0.0028 auc 0.9897
	[Classification] Macro-F1_mean: 0.9237 var: 0.0037  Micro-F1_mean: 0.9310 var: 0.0031 auc 0.9890
Total time:  1257 s
